Build started 2/21/2015 9:11:14 PM.
     1>Project "c:\Users\Daniel\documents\visual studio 2013\Projects\ImageProcessing\ImageProcessing\ImageProcessing.vcxproj" on node 2 (Build target(s)).
     1>ClCompile:
         C:\Program Files (x86)\Microsoft Visual Studio 12.0\VC\bin\CL.exe /c /ZI /nologo /W3 /WX- /Od /Oy- /D WIN32 /D _DEBUG /D _CONSOLE /D _LIB /D _UNICODE /D UNICODE /Gm /EHsc /RTC1 /MDd /GS /fp:precise /Zc:wchar_t /Zc:forScope /Fo"Debug\\" /Fd"Debug\vc120.pdb" /Gd /TP /analyze- /errorReport:prompt ..\IMAGE.cpp
         IMAGE.cpp
     1>c:\users\daniel\documents\visual studio 2013\projects\imageprocessing\pixel.h(64): warning C4244: 'argument' : conversion from 'double' to 'unsigned char', possible loss of data
     1>c:\users\daniel\documents\visual studio 2013\projects\imageprocessing\pixel.h(84): warning C4244: '*=' : conversion from 'float' to 'unsigned char', possible loss of data
     1>c:\users\daniel\documents\visual studio 2013\projects\imageprocessing\pixel.h(85): warning C4244: '*=' : conversion from 'float' to 'unsigned char', possible loss of data
     1>c:\users\daniel\documents\visual studio 2013\projects\imageprocessing\pixel.h(86): warning C4244: '*=' : conversion from 'float' to 'unsigned char', possible loss of data
     1>c:\users\daniel\documents\visual studio 2013\projects\imageprocessing\image.cpp(5): warning C4103: 'c:\users\daniel\documents\visual studio 2013\projects\imageprocessing\image.cpp' : alignment changed after including header, may be due to missing #pragma pack(pop)
     1>c:\users\daniel\documents\visual studio 2013\projects\imageprocessing\image.cpp(28): warning C4996: 'fopen': This function or variable may be unsafe. Consider using fopen_s instead. To disable deprecation, use _CRT_SECURE_NO_WARNINGS. See online help for details.
                 c:\program files (x86)\microsoft visual studio 12.0\vc\include\stdio.h(211) : see declaration of 'fopen'
     1>c:\users\daniel\documents\visual studio 2013\projects\imageprocessing\image.cpp(123): warning C4996: 'fopen': This function or variable may be unsafe. Consider using fopen_s instead. To disable deprecation, use _CRT_SECURE_NO_WARNINGS. See online help for details.
                 c:\program files (x86)\microsoft visual studio 12.0\vc\include\stdio.h(211) : see declaration of 'fopen'
     1>c:\users\daniel\documents\visual studio 2013\projects\imageprocessing\image.cpp(147): warning C4996: 'fopen': This function or variable may be unsafe. Consider using fopen_s instead. To disable deprecation, use _CRT_SECURE_NO_WARNINGS. See online help for details.
                 c:\program files (x86)\microsoft visual studio 12.0\vc\include\stdio.h(211) : see declaration of 'fopen'
     1>c:\users\daniel\documents\visual studio 2013\projects\imageprocessing\image.cpp(392): warning C4244: 'argument' : conversion from 'double' to 'unsigned char', possible loss of data
       Link:
         C:\Program Files (x86)\Microsoft Visual Studio 12.0\VC\bin\link.exe /ERRORREPORT:PROMPT /OUT:"c:\users\daniel\documents\visual studio 2013\Projects\ImageProcessing\Debug\ImageProcessing.exe" /INCREMENTAL /NOLOGO kernel32.lib user32.lib gdi32.lib winspool.lib comdlg32.lib advapi32.lib shell32.lib ole32.lib oleaut32.lib uuid.lib odbc32.lib odbccp32.lib /MANIFEST /MANIFESTUAC:"level='asInvoker' uiAccess='false'" /manifest:embed /DEBUG /PDB:"c:\users\daniel\documents\visual studio 2013\Projects\ImageProcessing\Debug\ImageProcessing.pdb" /SUBSYSTEM:CONSOLE /TLBID:1 /DYNAMICBASE /NXCOMPAT /IMPLIB:"c:\users\daniel\documents\visual studio 2013\Projects\ImageProcessing\Debug\ImageProcessing.lib" /MACHINE:X86 Debug\IMAGE.obj
         Debug\main.obj
     1>main.obj : error LNK2005: "public: class PIXEL & __thiscall PIXEL::operator=(class PIXEL const &)" (??4PIXEL@@QAEAAV0@ABV0@@Z) already defined in IMAGE.obj
     1>main.obj : error LNK2005: "public: class PIXEL const __thiscall PIXEL::operator*(double)const " (??DPIXEL@@QBE?BV0@N@Z) already defined in IMAGE.obj
     1>main.obj : error LNK2005: "public: class PIXEL const __thiscall PIXEL::operator+(class PIXEL const &)const " (??HPIXEL@@QBE?BV0@ABV0@@Z) already defined in IMAGE.obj
     1>main.obj : error LNK2005: "public: class PIXEL const __thiscall PIXEL::operator/(int)const " (??KPIXEL@@QBE?BV0@H@Z) already defined in IMAGE.obj
     1>main.obj : error LNK2005: "public: unsigned char __thiscall PIXEL::getB(void)" (?getB@PIXEL@@QAEEXZ) already defined in IMAGE.obj
     1>main.obj : error LNK2005: "public: unsigned char __thiscall PIXEL::getG(void)" (?getG@PIXEL@@QAEEXZ) already defined in IMAGE.obj
     1>main.obj : error LNK2005: "public: virtual unsigned char __thiscall PIXEL::getR(void)" (?getR@PIXEL@@UAEEXZ) already defined in IMAGE.obj
     1>main.obj : error LNK2005: "public: void __thiscall PIXEL::multiply(float,float,float)" (?multiply@PIXEL@@QAEXMMM@Z) already defined in IMAGE.obj
     1>main.obj : error LNK2005: "public: void __thiscall PIXEL::setB(unsigned char)" (?setB@PIXEL@@QAEXE@Z) already defined in IMAGE.obj
     1>main.obj : error LNK2005: "public: void __thiscall PIXEL::setG(unsigned char)" (?setG@PIXEL@@QAEXE@Z) already defined in IMAGE.obj
     1>main.obj : error LNK2005: "public: virtual void __thiscall PIXEL::setR(unsigned char)" (?setR@PIXEL@@UAEXE@Z) already defined in IMAGE.obj
     1>c:\users\daniel\documents\visual studio 2013\Projects\ImageProcessing\Debug\ImageProcessing.exe : fatal error LNK1169: one or more multiply defined symbols found
     1>Done Building Project "c:\Users\Daniel\documents\visual studio 2013\Projects\ImageProcessing\ImageProcessing\ImageProcessing.vcxproj" (Build target(s)) -- FAILED.

Build FAILED.

Time Elapsed 00:00:00.99
